<?xml version="1.0" encoding="UTF-8"?>
<!-- Generated by org.testng.reporters.JUnitReportReporter -->
<testsuite hostname="MacBook-Pro-de-Ulises.local" failures="0" tests="2" name="com.masteringselenium.BasicTestWD" time="52.609" errors="0" timestamp="24 sep. 2022 05:04:52 GMT" skipped="0">
  <testcase classname="com.masteringselenium.BasicTestWD" name="googleMilkExample" time="24.228"/>
  <testcase classname="com.masteringselenium.BasicTestWD" name="googleCheeseExample" time="28.381"/>
</testsuite> <!-- com.masteringselenium.BasicTestWD -->
